2015-10-20 15:27:23,765 [Worker-2] INFO  o.e.m.c.i.p.ProjectConfigurationManager - Collecting project info '/pom.xml' D:\MySpace\Java\QDFramework\qdframework\pom.xml
2015-10-20 15:27:27,589 [Worker-2] INFO  o.e.m.c.i.l.LifecycleMappingFactory - Using org.eclipse.m2e.jdt.JarLifecycleMapping lifecycle mapping for MavenProject: org.qd4j:qdframework:0.0.1-SNAPSHOT @ D:\MySpace\Java\QDFramework\qdframework\pom.xml.
2015-10-20 15:27:28,619 [Worker-4] INFO  o.e.m.c.i.l.LifecycleMappingFactory - Using org.eclipse.m2e.jdt.JarLifecycleMapping lifecycle mapping for MavenProject: org.qd4j:qdframework:0.0.1-SNAPSHOT @ D:\MySpace\Java\QDFramework\qdframework\pom.xml.
2015-10-20 15:27:28,635 [Worker-2] INFO  o.e.m.j.i.AbstractJavaProjectConfigurator - Adding source folder /qdframework/src/main/java
2015-10-20 15:27:28,657 [Worker-2] INFO  o.e.m.j.i.AbstractJavaProjectConfigurator - Adding source folder /qdframework/src/test/java
2015-10-20 15:27:29,318 [Worker-2] INFO  o.e.m.c.i.p.ProjectConfigurationManager - Imported and configured 1 project(s) in 5 sec
2015-10-20 15:27:30,129 [Worker-7] INFO  o.e.m.c.i.l.LifecycleMappingFactory - Using org.eclipse.m2e.jdt.JarLifecycleMapping lifecycle mapping for MavenProject: org.qd4j:qdframework:0.0.1-SNAPSHOT @ D:\MySpace\Java\QDFramework\qdframework\pom.xml.
2015-10-20 15:27:30,185 [Worker-7] INFO  o.e.m.c.i.embedder.EclipseLogger - Using 'UTF-8' encoding to copy filtered resources.
2015-10-20 15:27:30,185 [Worker-7] INFO  o.e.m.c.i.embedder.EclipseLogger - skip non existing resourceDirectory D:\MySpace\Java\QDFramework\qdframework\src\main\resources
2015-10-20 15:27:30,187 [Worker-7] INFO  o.e.m.c.i.embedder.EclipseLogger - Using 'UTF-8' encoding to copy filtered resources.
2015-10-20 15:27:30,187 [Worker-7] INFO  o.e.m.c.i.embedder.EclipseLogger - skip non existing resourceDirectory D:\MySpace\Java\QDFramework\qdframework\src\test\resources
2015-10-20 15:29:42,273 [Worker-5] INFO  o.e.m.c.i.embedder.EclipseLogger - Using 'UTF-8' encoding to copy filtered resources.
2015-10-20 15:29:42,273 [Worker-5] INFO  o.e.m.c.i.embedder.EclipseLogger - skip non existing resourceDirectory D:\MySpace\Java\QDFramework\qdframework\src\main\resources
2015-10-20 15:29:42,274 [Worker-5] INFO  o.e.m.c.i.embedder.EclipseLogger - Using 'UTF-8' encoding to copy filtered resources.
2015-10-20 15:29:42,275 [Worker-5] INFO  o.e.m.c.i.embedder.EclipseLogger - skip non existing resourceDirectory D:\MySpace\Java\QDFramework\qdframework\src\test\resources
2015-10-20 15:30:23,232 [Worker-9] INFO  o.e.m.c.i.l.LifecycleMappingFactory - Using org.eclipse.m2e.jdt.JarLifecycleMapping lifecycle mapping for MavenProject: org.qd4j:qdframework:0.0.1-SNAPSHOT @ D:\MySpace\Java\QDFramework\qdframework\pom.xml.
2015-10-20 15:30:23,273 [Worker-9] INFO  o.e.m.c.i.embedder.EclipseLogger - Using 'UTF-8' encoding to copy filtered resources.
2015-10-20 15:30:23,273 [Worker-9] INFO  o.e.m.c.i.embedder.EclipseLogger - skip non existing resourceDirectory D:\MySpace\Java\QDFramework\qdframework\src\main\resources
2015-10-20 15:30:23,274 [Worker-9] INFO  o.e.m.c.i.embedder.EclipseLogger - Using 'UTF-8' encoding to copy filtered resources.
2015-10-20 15:30:23,274 [Worker-9] INFO  o.e.m.c.i.embedder.EclipseLogger - skip non existing resourceDirectory D:\MySpace\Java\QDFramework\qdframework\src\test\resources
2015-10-20 15:31:16,085 [Worker-13] INFO  o.e.m.c.i.l.LifecycleMappingFactory - Using org.eclipse.m2e.jdt.JarLifecycleMapping lifecycle mapping for MavenProject: org.qd4j:qdframework:0.0.1-SNAPSHOT @ D:\MySpace\Java\QDFramework\qdframework\pom.xml.
2015-10-20 15:31:16,172 [Worker-13] INFO  o.e.m.c.i.embedder.EclipseLogger - Using 'UTF-8' encoding to copy filtered resources.
2015-10-20 15:31:16,172 [Worker-13] INFO  o.e.m.c.i.embedder.EclipseLogger - skip non existing resourceDirectory D:\MySpace\Java\QDFramework\qdframework\src\main\resources
2015-10-20 15:31:16,173 [Worker-13] INFO  o.e.m.c.i.embedder.EclipseLogger - Using 'UTF-8' encoding to copy filtered resources.
2015-10-20 15:31:16,173 [Worker-13] INFO  o.e.m.c.i.embedder.EclipseLogger - skip non existing resourceDirectory D:\MySpace\Java\QDFramework\qdframework\src\test\resources
2015-10-20 15:31:17,387 [Worker-6] INFO  o.e.m.c.i.embedder.EclipseLogger - Using 'UTF-8' encoding to copy filtered resources.
2015-10-20 15:31:17,387 [Worker-6] INFO  o.e.m.c.i.embedder.EclipseLogger - skip non existing resourceDirectory D:\MySpace\Java\QDFramework\qdframework\src\main\resources
2015-10-20 15:31:17,388 [Worker-6] INFO  o.e.m.c.i.embedder.EclipseLogger - Using 'UTF-8' encoding to copy filtered resources.
2015-10-20 15:31:17,389 [Worker-6] INFO  o.e.m.c.i.embedder.EclipseLogger - skip non existing resourceDirectory D:\MySpace\Java\QDFramework\qdframework\src\test\resources
2015-10-20 15:31:28,941 [Worker-8] INFO  o.e.m.c.i.l.LifecycleMappingFactory - Using org.eclipse.m2e.jdt.JarLifecycleMapping lifecycle mapping for MavenProject: org.qd4j:qdframework:0.0.1-SNAPSHOT @ D:\MySpace\Java\QDFramework\qdframework\pom.xml.
2015-10-20 15:31:29,018 [Worker-8] INFO  o.e.m.c.i.embedder.EclipseLogger - Using 'UTF-8' encoding to copy filtered resources.
2015-10-20 15:31:29,019 [Worker-8] INFO  o.e.m.c.i.embedder.EclipseLogger - skip non existing resourceDirectory D:\MySpace\Java\QDFramework\qdframework\src\main\resources
2015-10-20 15:31:29,019 [Worker-8] INFO  o.e.m.c.i.embedder.EclipseLogger - Using 'UTF-8' encoding to copy filtered resources.
2015-10-20 15:31:29,019 [Worker-8] INFO  o.e.m.c.i.embedder.EclipseLogger - skip non existing resourceDirectory D:\MySpace\Java\QDFramework\qdframework\src\test\resources
2015-10-20 15:31:38,786 [Worker-10] INFO  o.e.m.c.i.embedder.EclipseLogger - Using 'UTF-8' encoding to copy filtered resources.
2015-10-20 15:31:38,786 [Worker-10] INFO  o.e.m.c.i.embedder.EclipseLogger - skip non existing resourceDirectory D:\MySpace\Java\QDFramework\qdframework\src\main\resources
2015-10-20 15:31:38,787 [Worker-10] INFO  o.e.m.c.i.embedder.EclipseLogger - Using 'UTF-8' encoding to copy filtered resources.
2015-10-20 15:31:38,787 [Worker-10] INFO  o.e.m.c.i.embedder.EclipseLogger - skip non existing resourceDirectory D:\MySpace\Java\QDFramework\qdframework\src\test\resources
2015-10-20 15:34:11,995 [Worker-8] INFO  o.e.m.c.i.l.LifecycleMappingFactory - Using org.eclipse.m2e.jdt.JarLifecycleMapping lifecycle mapping for MavenProject: org.qd4j:qdframework:0.0.1-SNAPSHOT @ D:\MySpace\Java\QDFramework\qdframework\pom.xml.
2015-10-20 15:34:12,262 [Worker-8] INFO  o.e.m.c.i.embedder.EclipseLogger - Using 'UTF-8' encoding to copy filtered resources.
2015-10-20 15:34:12,263 [Worker-8] INFO  o.e.m.c.i.embedder.EclipseLogger - skip non existing resourceDirectory D:\MySpace\Java\QDFramework\qdframework\src\main\resources
2015-10-20 15:34:12,267 [Worker-8] INFO  o.e.m.c.i.embedder.EclipseLogger - Using 'UTF-8' encoding to copy filtered resources.
2015-10-20 15:34:12,267 [Worker-8] INFO  o.e.m.c.i.embedder.EclipseLogger - skip non existing resourceDirectory D:\MySpace\Java\QDFramework\qdframework\src\test\resources
2015-10-20 15:34:13,561 [Worker-6] INFO  o.e.m.c.i.embedder.EclipseLogger - Using 'UTF-8' encoding to copy filtered resources.
2015-10-20 15:34:13,561 [Worker-6] INFO  o.e.m.c.i.embedder.EclipseLogger - skip non existing resourceDirectory D:\MySpace\Java\QDFramework\qdframework\src\main\resources
2015-10-20 15:34:13,562 [Worker-6] INFO  o.e.m.c.i.embedder.EclipseLogger - Using 'UTF-8' encoding to copy filtered resources.
2015-10-20 15:34:13,562 [Worker-6] INFO  o.e.m.c.i.embedder.EclipseLogger - skip non existing resourceDirectory D:\MySpace\Java\QDFramework\qdframework\src\test\resources
2015-10-20 15:35:09,935 [Worker-6] INFO  o.e.m.c.i.l.LifecycleMappingFactory - Using org.eclipse.m2e.jdt.JarLifecycleMapping lifecycle mapping for MavenProject: org.qd4j:qdframework:0.0.1-SNAPSHOT @ D:\MySpace\Java\QDFramework\qdframework\pom.xml.
2015-10-20 15:35:10,215 [Worker-6] INFO  o.e.m.c.i.e.AbstractTransferListenerAdapter - Downloading http://maven.dev.sh.ctripcorp.com:8081/nexus/content/groups/public/javax/servlet/jsp/jsp-api/2.2/jsp-api-2.2.pom
2015-10-20 15:35:10,289 [Worker-6] INFO  o.e.m.c.i.e.AbstractTransferListenerAdapter - Downloaded http://maven.dev.sh.ctripcorp.com:8081/nexus/content/groups/public/javax/servlet/jsp/jsp-api/2.2/jsp-api-2.2.pom
2015-10-20 15:35:10,352 [Worker-6] INFO  o.e.m.c.i.e.AbstractTransferListenerAdapter - Downloading http://maven.dev.sh.ctripcorp.com:8081/nexus/content/groups/public/org/glassfish/web/jsp/2.2/jsp-2.2.pom
2015-10-20 15:35:10,397 [Worker-6] INFO  o.e.m.c.i.e.AbstractTransferListenerAdapter - Downloaded http://maven.dev.sh.ctripcorp.com:8081/nexus/content/groups/public/org/glassfish/web/jsp/2.2/jsp-2.2.pom
2015-10-20 15:35:10,451 [Worker-6] INFO  o.e.m.c.i.e.AbstractTransferListenerAdapter - Downloading http://maven.dev.sh.ctripcorp.com:8081/nexus/content/groups/public/javax/servlet/jsp/jsp-api/2.2/jsp-api-2.2.jar
2015-10-20 15:35:10,505 [Worker-6] INFO  o.e.m.c.i.e.AbstractTransferListenerAdapter - Downloaded http://maven.dev.sh.ctripcorp.com:8081/nexus/content/groups/public/javax/servlet/jsp/jsp-api/2.2/jsp-api-2.2.jar
2015-10-20 15:35:10,899 [Worker-6] INFO  o.e.m.c.i.embedder.EclipseLogger - Using 'UTF-8' encoding to copy filtered resources.
2015-10-20 15:35:10,899 [Worker-6] INFO  o.e.m.c.i.embedder.EclipseLogger - skip non existing resourceDirectory D:\MySpace\Java\QDFramework\qdframework\src\main\resources
2015-10-20 15:35:10,900 [Worker-6] INFO  o.e.m.c.i.embedder.EclipseLogger - Using 'UTF-8' encoding to copy filtered resources.
2015-10-20 15:35:10,900 [Worker-6] INFO  o.e.m.c.i.embedder.EclipseLogger - skip non existing resourceDirectory D:\MySpace\Java\QDFramework\qdframework\src\test\resources
2015-10-20 15:35:12,202 [Worker-8] INFO  o.e.m.c.i.embedder.EclipseLogger - Using 'UTF-8' encoding to copy filtered resources.
2015-10-20 15:35:12,202 [Worker-8] INFO  o.e.m.c.i.embedder.EclipseLogger - skip non existing resourceDirectory D:\MySpace\Java\QDFramework\qdframework\src\main\resources
2015-10-20 15:35:12,203 [Worker-8] INFO  o.e.m.c.i.embedder.EclipseLogger - Using 'UTF-8' encoding to copy filtered resources.
2015-10-20 15:35:12,203 [Worker-8] INFO  o.e.m.c.i.embedder.EclipseLogger - skip non existing resourceDirectory D:\MySpace\Java\QDFramework\qdframework\src\test\resources
2015-10-20 15:35:40,049 [Worker-11] INFO  o.e.m.c.i.l.LifecycleMappingFactory - Using org.eclipse.m2e.jdt.JarLifecycleMapping lifecycle mapping for MavenProject: org.qd4j:qdframework:0.0.1-SNAPSHOT @ D:\MySpace\Java\QDFramework\qdframework\pom.xml.
2015-10-20 15:35:40,138 [Worker-11] INFO  o.e.m.c.i.embedder.EclipseLogger - Using 'UTF-8' encoding to copy filtered resources.
2015-10-20 15:35:40,138 [Worker-11] INFO  o.e.m.c.i.embedder.EclipseLogger - skip non existing resourceDirectory D:\MySpace\Java\QDFramework\qdframework\src\main\resources
2015-10-20 15:35:40,139 [Worker-11] INFO  o.e.m.c.i.embedder.EclipseLogger - Using 'UTF-8' encoding to copy filtered resources.
2015-10-20 15:35:40,139 [Worker-11] INFO  o.e.m.c.i.embedder.EclipseLogger - skip non existing resourceDirectory D:\MySpace\Java\QDFramework\qdframework\src\test\resources
2015-10-20 15:37:36,547 [Worker-12] INFO  o.e.m.c.i.e.AbstractTransferListenerAdapter - Downloading http://maven.dev.sh.ctripcorp.com:8081/nexus/content/groups/public/com/fasterxml/jackson/core/jackson-databind/2.4.4/jackson-databind-2.4.4.pom
2015-10-20 15:37:36,589 [Worker-12] INFO  o.e.m.c.i.e.AbstractTransferListenerAdapter - Downloaded http://maven.dev.sh.ctripcorp.com:8081/nexus/content/groups/public/com/fasterxml/jackson/core/jackson-databind/2.4.4/jackson-databind-2.4.4.pom
2015-10-20 15:37:36,783 [Worker-18] INFO  o.e.m.c.i.l.LifecycleMappingFactory - Using org.eclipse.m2e.jdt.JarLifecycleMapping lifecycle mapping for MavenProject: org.qd4j:qdframework:0.0.1-SNAPSHOT @ D:\MySpace\Java\QDFramework\qdframework\pom.xml.
2015-10-20 15:37:36,838 [Worker-12] INFO  o.e.m.c.i.e.AbstractTransferListenerAdapter - Downloading http://maven.dev.sh.ctripcorp.com:8081/nexus/content/groups/public/com/fasterxml/jackson/core/jackson-core/2.4.4/jackson-core-2.4.4.pom
2015-10-20 15:37:36,874 [Worker-12] INFO  o.e.m.c.i.e.AbstractTransferListenerAdapter - Downloaded http://maven.dev.sh.ctripcorp.com:8081/nexus/content/groups/public/com/fasterxml/jackson/core/jackson-core/2.4.4/jackson-core-2.4.4.pom
2015-10-20 15:37:36,913 [Worker-12] INFO  o.e.m.c.i.e.AbstractTransferListenerAdapter - Downloading http://maven.dev.sh.ctripcorp.com:8081/nexus/content/groups/public/com/fasterxml/jackson/core/jackson-databind/2.4.4/jackson-databind-2.4.4.jar
2015-10-20 15:37:37,108 [Worker-12] INFO  o.e.m.c.i.e.AbstractTransferListenerAdapter - Downloaded http://maven.dev.sh.ctripcorp.com:8081/nexus/content/groups/public/com/fasterxml/jackson/core/jackson-databind/2.4.4/jackson-databind-2.4.4.jar
2015-10-20 15:37:37,142 [Worker-12] INFO  o.e.m.c.i.e.AbstractTransferListenerAdapter - Downloading http://maven.dev.sh.ctripcorp.com:8081/nexus/content/groups/public/com/fasterxml/jackson/core/jackson-core/2.4.4/jackson-core-2.4.4.jar
2015-10-20 15:37:37,225 [Worker-12] INFO  o.e.m.c.i.e.AbstractTransferListenerAdapter - Downloaded http://maven.dev.sh.ctripcorp.com:8081/nexus/content/groups/public/com/fasterxml/jackson/core/jackson-core/2.4.4/jackson-core-2.4.4.jar
2015-10-20 15:37:38,014 [Worker-18] INFO  o.e.m.c.i.embedder.EclipseLogger - Using 'UTF-8' encoding to copy filtered resources.
2015-10-20 15:37:38,014 [Worker-18] INFO  o.e.m.c.i.embedder.EclipseLogger - skip non existing resourceDirectory D:\MySpace\Java\QDFramework\qdframework\src\main\resources
2015-10-20 15:37:38,015 [Worker-18] INFO  o.e.m.c.i.embedder.EclipseLogger - Using 'UTF-8' encoding to copy filtered resources.
2015-10-20 15:37:38,015 [Worker-18] INFO  o.e.m.c.i.embedder.EclipseLogger - skip non existing resourceDirectory D:\MySpace\Java\QDFramework\qdframework\src\test\resources
2015-10-20 15:37:39,340 [Worker-18] INFO  o.e.m.c.i.embedder.EclipseLogger - Using 'UTF-8' encoding to copy filtered resources.
2015-10-20 15:37:39,340 [Worker-18] INFO  o.e.m.c.i.embedder.EclipseLogger - skip non existing resourceDirectory D:\MySpace\Java\QDFramework\qdframework\src\main\resources
2015-10-20 15:37:39,341 [Worker-18] INFO  o.e.m.c.i.embedder.EclipseLogger - Using 'UTF-8' encoding to copy filtered resources.
2015-10-20 15:37:39,341 [Worker-18] INFO  o.e.m.c.i.embedder.EclipseLogger - skip non existing resourceDirectory D:\MySpace\Java\QDFramework\qdframework\src\test\resources
2015-10-20 15:37:51,328 [Worker-9] INFO  o.e.m.c.i.l.LifecycleMappingFactory - Using org.eclipse.m2e.jdt.JarLifecycleMapping lifecycle mapping for MavenProject: org.qd4j:qdframework:0.0.1-SNAPSHOT @ D:\MySpace\Java\QDFramework\qdframework\pom.xml.
2015-10-20 15:37:51,435 [Worker-9] INFO  o.e.m.c.i.embedder.EclipseLogger - Using 'UTF-8' encoding to copy filtered resources.
2015-10-20 15:37:51,435 [Worker-9] INFO  o.e.m.c.i.embedder.EclipseLogger - skip non existing resourceDirectory D:\MySpace\Java\QDFramework\qdframework\src\main\resources
2015-10-20 15:37:51,436 [Worker-9] INFO  o.e.m.c.i.embedder.EclipseLogger - Using 'UTF-8' encoding to copy filtered resources.
2015-10-20 15:37:51,436 [Worker-9] INFO  o.e.m.c.i.embedder.EclipseLogger - skip non existing resourceDirectory D:\MySpace\Java\QDFramework\qdframework\src\test\resources
2015-10-20 15:38:08,759 [Worker-12] INFO  o.e.m.c.i.l.LifecycleMappingFactory - Using org.eclipse.m2e.jdt.JarLifecycleMapping lifecycle mapping for MavenProject: org.qd4j:qdframework:0.0.1-SNAPSHOT @ D:\MySpace\Java\QDFramework\qdframework\pom.xml.
2015-10-20 15:38:08,909 [Worker-12] INFO  o.e.m.c.i.embedder.EclipseLogger - Using 'UTF-8' encoding to copy filtered resources.
2015-10-20 15:38:08,909 [Worker-12] INFO  o.e.m.c.i.embedder.EclipseLogger - skip non existing resourceDirectory D:\MySpace\Java\QDFramework\qdframework\src\main\resources
2015-10-20 15:38:08,911 [Worker-12] INFO  o.e.m.c.i.embedder.EclipseLogger - Using 'UTF-8' encoding to copy filtered resources.
2015-10-20 15:38:08,911 [Worker-12] INFO  o.e.m.c.i.embedder.EclipseLogger - skip non existing resourceDirectory D:\MySpace\Java\QDFramework\qdframework\src\test\resources
2015-10-20 15:38:16,061 [Worker-21] INFO  o.e.m.c.i.l.LifecycleMappingFactory - Using org.eclipse.m2e.jdt.JarLifecycleMapping lifecycle mapping for MavenProject: org.qd4j:qdframework:0.0.1-SNAPSHOT @ D:\MySpace\Java\QDFramework\qdframework\pom.xml.
2015-10-20 15:38:16,173 [Worker-21] INFO  o.e.m.c.i.embedder.EclipseLogger - Using 'UTF-8' encoding to copy filtered resources.
2015-10-20 15:38:16,173 [Worker-21] INFO  o.e.m.c.i.embedder.EclipseLogger - skip non existing resourceDirectory D:\MySpace\Java\QDFramework\qdframework\src\main\resources
2015-10-20 15:38:16,174 [Worker-21] INFO  o.e.m.c.i.embedder.EclipseLogger - Using 'UTF-8' encoding to copy filtered resources.
2015-10-20 15:38:16,174 [Worker-21] INFO  o.e.m.c.i.embedder.EclipseLogger - skip non existing resourceDirectory D:\MySpace\Java\QDFramework\qdframework\src\test\resources
2015-10-20 15:38:38,683 [Worker-9] INFO  o.e.m.c.i.l.LifecycleMappingFactory - Using org.eclipse.m2e.jdt.JarLifecycleMapping lifecycle mapping for MavenProject: org.qd4j:qdframework:0.0.1-SNAPSHOT @ D:\MySpace\Java\QDFramework\qdframework\pom.xml.
2015-10-20 15:38:38,835 [Worker-9] INFO  o.e.m.c.i.embedder.EclipseLogger - Using 'UTF-8' encoding to copy filtered resources.
2015-10-20 15:38:38,835 [Worker-9] INFO  o.e.m.c.i.embedder.EclipseLogger - skip non existing resourceDirectory D:\MySpace\Java\QDFramework\qdframework\src\main\resources
2015-10-20 15:38:38,836 [Worker-9] INFO  o.e.m.c.i.embedder.EclipseLogger - Using 'UTF-8' encoding to copy filtered resources.
2015-10-20 15:38:38,836 [Worker-9] INFO  o.e.m.c.i.embedder.EclipseLogger - skip non existing resourceDirectory D:\MySpace\Java\QDFramework\qdframework\src\test\resources
2015-10-20 15:38:40,172 [Worker-9] INFO  o.e.m.c.i.embedder.EclipseLogger - Using 'UTF-8' encoding to copy filtered resources.
2015-10-20 15:38:40,172 [Worker-9] INFO  o.e.m.c.i.embedder.EclipseLogger - skip non existing resourceDirectory D:\MySpace\Java\QDFramework\qdframework\src\main\resources
2015-10-20 15:38:40,173 [Worker-9] INFO  o.e.m.c.i.embedder.EclipseLogger - Using 'UTF-8' encoding to copy filtered resources.
2015-10-20 15:38:40,173 [Worker-9] INFO  o.e.m.c.i.embedder.EclipseLogger - skip non existing resourceDirectory D:\MySpace\Java\QDFramework\qdframework\src\test\resources
2015-10-20 15:38:41,385 [Worker-19] INFO  o.e.m.c.i.l.LifecycleMappingFactory - Using org.eclipse.m2e.jdt.JarLifecycleMapping lifecycle mapping for MavenProject: org.qd4j:qdframework:0.0.1-SNAPSHOT @ D:\MySpace\Java\QDFramework\qdframework\pom.xml.
2015-10-20 15:38:41,527 [Worker-19] INFO  o.e.m.c.i.embedder.EclipseLogger - Using 'UTF-8' encoding to copy filtered resources.
2015-10-20 15:38:41,527 [Worker-19] INFO  o.e.m.c.i.embedder.EclipseLogger - skip non existing resourceDirectory D:\MySpace\Java\QDFramework\qdframework\src\main\resources
2015-10-20 15:38:41,528 [Worker-19] INFO  o.e.m.c.i.embedder.EclipseLogger - Using 'UTF-8' encoding to copy filtered resources.
2015-10-20 15:38:41,528 [Worker-19] INFO  o.e.m.c.i.embedder.EclipseLogger - skip non existing resourceDirectory D:\MySpace\Java\QDFramework\qdframework\src\test\resources
2015-10-20 15:44:52,672 [Worker-25] INFO  o.e.m.c.i.embedder.EclipseLogger - Using 'UTF-8' encoding to copy filtered resources.
2015-10-20 15:44:52,672 [Worker-25] INFO  o.e.m.c.i.embedder.EclipseLogger - skip non existing resourceDirectory D:\MySpace\Java\QDFramework\qdframework\src\main\resources
2015-10-20 15:44:52,672 [Worker-25] INFO  o.e.m.c.i.embedder.EclipseLogger - Using 'UTF-8' encoding to copy filtered resources.
2015-10-20 15:44:52,673 [Worker-25] INFO  o.e.m.c.i.embedder.EclipseLogger - skip non existing resourceDirectory D:\MySpace\Java\QDFramework\qdframework\src\test\resources
2015-10-20 15:45:45,330 [Worker-28] INFO  o.e.m.c.i.embedder.EclipseLogger - Using 'UTF-8' encoding to copy filtered resources.
2015-10-20 15:45:45,330 [Worker-28] INFO  o.e.m.c.i.embedder.EclipseLogger - skip non existing resourceDirectory D:\MySpace\Java\QDFramework\qdframework\src\main\resources
2015-10-20 15:45:45,333 [Worker-28] INFO  o.e.m.c.i.embedder.EclipseLogger - Using 'UTF-8' encoding to copy filtered resources.
2015-10-20 15:45:45,333 [Worker-28] INFO  o.e.m.c.i.embedder.EclipseLogger - skip non existing resourceDirectory D:\MySpace\Java\QDFramework\qdframework\src\test\resources
2015-10-20 15:46:30,857 [Worker-23] INFO  o.e.m.c.i.embedder.EclipseLogger - Using 'UTF-8' encoding to copy filtered resources.
2015-10-20 15:46:30,858 [Worker-23] INFO  o.e.m.c.i.embedder.EclipseLogger - skip non existing resourceDirectory D:\MySpace\Java\QDFramework\qdframework\src\main\resources
2015-10-20 15:46:30,859 [Worker-23] INFO  o.e.m.c.i.embedder.EclipseLogger - Using 'UTF-8' encoding to copy filtered resources.
2015-10-20 15:46:30,859 [Worker-23] INFO  o.e.m.c.i.embedder.EclipseLogger - skip non existing resourceDirectory D:\MySpace\Java\QDFramework\qdframework\src\test\resources
2015-10-20 15:46:44,481 [Worker-25] INFO  o.e.m.c.i.embedder.EclipseLogger - Using 'UTF-8' encoding to copy filtered resources.
2015-10-20 15:46:44,481 [Worker-25] INFO  o.e.m.c.i.embedder.EclipseLogger - skip non existing resourceDirectory D:\MySpace\Java\QDFramework\qdframework\src\main\resources
2015-10-20 15:46:44,482 [Worker-25] INFO  o.e.m.c.i.embedder.EclipseLogger - Using 'UTF-8' encoding to copy filtered resources.
2015-10-20 15:46:44,482 [Worker-25] INFO  o.e.m.c.i.embedder.EclipseLogger - skip non existing resourceDirectory D:\MySpace\Java\QDFramework\qdframework\src\test\resources
2015-10-20 15:47:15,990 [Worker-23] INFO  o.e.m.c.i.embedder.EclipseLogger - Using 'UTF-8' encoding to copy filtered resources.
2015-10-20 15:47:15,990 [Worker-23] INFO  o.e.m.c.i.embedder.EclipseLogger - skip non existing resourceDirectory D:\MySpace\Java\QDFramework\qdframework\src\main\resources
2015-10-20 15:47:15,991 [Worker-23] INFO  o.e.m.c.i.embedder.EclipseLogger - Using 'UTF-8' encoding to copy filtered resources.
2015-10-20 15:47:15,991 [Worker-23] INFO  o.e.m.c.i.embedder.EclipseLogger - skip non existing resourceDirectory D:\MySpace\Java\QDFramework\qdframework\src\test\resources
2015-10-20 15:52:55,538 [Worker-31] INFO  o.e.m.c.i.embedder.EclipseLogger - Using 'UTF-8' encoding to copy filtered resources.
2015-10-20 15:52:55,538 [Worker-31] INFO  o.e.m.c.i.embedder.EclipseLogger - skip non existing resourceDirectory D:\MySpace\Java\QDFramework\qdframework\src\main\resources
2015-10-20 15:52:55,539 [Worker-31] INFO  o.e.m.c.i.embedder.EclipseLogger - Using 'UTF-8' encoding to copy filtered resources.
2015-10-20 15:52:55,539 [Worker-31] INFO  o.e.m.c.i.embedder.EclipseLogger - skip non existing resourceDirectory D:\MySpace\Java\QDFramework\qdframework\src\test\resources
2015-10-20 15:53:22,980 [Worker-26] INFO  o.e.m.c.i.embedder.EclipseLogger - Using 'UTF-8' encoding to copy filtered resources.
2015-10-20 15:53:22,980 [Worker-26] INFO  o.e.m.c.i.embedder.EclipseLogger - skip non existing resourceDirectory D:\MySpace\Java\QDFramework\qdframework\src\main\resources
2015-10-20 15:53:22,981 [Worker-26] INFO  o.e.m.c.i.embedder.EclipseLogger - Using 'UTF-8' encoding to copy filtered resources.
2015-10-20 15:53:22,981 [Worker-26] INFO  o.e.m.c.i.embedder.EclipseLogger - skip non existing resourceDirectory D:\MySpace\Java\QDFramework\qdframework\src\test\resources
2015-10-20 15:54:51,355 [Worker-33] INFO  o.e.m.c.i.embedder.EclipseLogger - Using 'UTF-8' encoding to copy filtered resources.
2015-10-20 15:54:51,355 [Worker-33] INFO  o.e.m.c.i.embedder.EclipseLogger - skip non existing resourceDirectory D:\MySpace\Java\QDFramework\qdframework\src\main\resources
2015-10-20 15:54:51,358 [Worker-33] INFO  o.e.m.c.i.embedder.EclipseLogger - Using 'UTF-8' encoding to copy filtered resources.
2015-10-20 15:54:51,359 [Worker-33] INFO  o.e.m.c.i.embedder.EclipseLogger - skip non existing resourceDirectory D:\MySpace\Java\QDFramework\qdframework\src\test\resources
2015-10-21 14:33:14,306 [Worker-203] INFO  o.e.m.c.i.embedder.EclipseLogger - Using 'UTF-8' encoding to copy filtered resources.
2015-10-21 14:33:14,307 [Worker-203] INFO  o.e.m.c.i.embedder.EclipseLogger - skip non existing resourceDirectory D:\MySpace\Java\QDFramework\qdframework\src\main\resources
2015-10-21 14:33:14,308 [Worker-203] INFO  o.e.m.c.i.embedder.EclipseLogger - Using 'UTF-8' encoding to copy filtered resources.
2015-10-21 14:33:14,308 [Worker-203] INFO  o.e.m.c.i.embedder.EclipseLogger - skip non existing resourceDirectory D:\MySpace\Java\QDFramework\qdframework\src\test\resources
2015-10-21 15:13:45,846 [Worker-226] INFO  o.e.m.c.i.embedder.EclipseLogger - Using 'UTF-8' encoding to copy filtered resources.
2015-10-21 15:13:45,847 [Worker-226] INFO  o.e.m.c.i.embedder.EclipseLogger - skip non existing resourceDirectory D:\MySpace\Java\QDFramework\qdframework\src\main\resources
2015-10-21 15:13:45,848 [Worker-226] INFO  o.e.m.c.i.embedder.EclipseLogger - Using 'UTF-8' encoding to copy filtered resources.
2015-10-21 15:13:45,848 [Worker-226] INFO  o.e.m.c.i.embedder.EclipseLogger - skip non existing resourceDirectory D:\MySpace\Java\QDFramework\qdframework\src\test\resources
2015-10-21 15:14:13,901 [Worker-224] INFO  o.e.m.c.i.embedder.EclipseLogger - Using 'UTF-8' encoding to copy filtered resources.
2015-10-21 15:14:13,901 [Worker-224] INFO  o.e.m.c.i.embedder.EclipseLogger - skip non existing resourceDirectory D:\MySpace\Java\QDFramework\qdframework\src\main\resources
2015-10-21 15:14:13,903 [Worker-224] INFO  o.e.m.c.i.embedder.EclipseLogger - Using 'UTF-8' encoding to copy filtered resources.
2015-10-21 15:14:13,903 [Worker-224] INFO  o.e.m.c.i.embedder.EclipseLogger - skip non existing resourceDirectory D:\MySpace\Java\QDFramework\qdframework\src\test\resources
2015-10-21 15:14:44,432 [Worker-224] INFO  o.e.m.c.i.embedder.EclipseLogger - Using 'UTF-8' encoding to copy filtered resources.
2015-10-21 15:14:44,432 [Worker-224] INFO  o.e.m.c.i.embedder.EclipseLogger - skip non existing resourceDirectory D:\MySpace\Java\QDFramework\qdframework\src\main\resources
2015-10-21 15:14:44,434 [Worker-224] INFO  o.e.m.c.i.embedder.EclipseLogger - Using 'UTF-8' encoding to copy filtered resources.
2015-10-21 15:14:44,434 [Worker-224] INFO  o.e.m.c.i.embedder.EclipseLogger - skip non existing resourceDirectory D:\MySpace\Java\QDFramework\qdframework\src\test\resources
2015-10-21 15:16:04,318 [Worker-224] INFO  o.e.m.c.i.embedder.EclipseLogger - Using 'UTF-8' encoding to copy filtered resources.
2015-10-21 15:16:04,318 [Worker-224] INFO  o.e.m.c.i.embedder.EclipseLogger - skip non existing resourceDirectory D:\MySpace\Java\QDFramework\qdframework\src\main\resources
2015-10-21 15:16:04,319 [Worker-224] INFO  o.e.m.c.i.embedder.EclipseLogger - Using 'UTF-8' encoding to copy filtered resources.
2015-10-21 15:16:04,319 [Worker-224] INFO  o.e.m.c.i.embedder.EclipseLogger - skip non existing resourceDirectory D:\MySpace\Java\QDFramework\qdframework\src\test\resources
2015-10-21 15:45:01,128 [Worker-245] INFO  o.e.m.c.i.embedder.EclipseLogger - Using 'UTF-8' encoding to copy filtered resources.
2015-10-21 15:45:01,128 [Worker-245] INFO  o.e.m.c.i.embedder.EclipseLogger - skip non existing resourceDirectory D:\MySpace\Java\QDFramework\qdframework\src\main\resources
2015-10-21 15:45:01,129 [Worker-245] INFO  o.e.m.c.i.embedder.EclipseLogger - Using 'UTF-8' encoding to copy filtered resources.
2015-10-21 15:45:01,129 [Worker-245] INFO  o.e.m.c.i.embedder.EclipseLogger - skip non existing resourceDirectory D:\MySpace\Java\QDFramework\qdframework\src\test\resources
2015-10-21 15:45:10,461 [Worker-242] INFO  o.e.m.c.i.embedder.EclipseLogger - Using 'UTF-8' encoding to copy filtered resources.
2015-10-21 15:45:10,461 [Worker-242] INFO  o.e.m.c.i.embedder.EclipseLogger - skip non existing resourceDirectory D:\MySpace\Java\QDFramework\qdframework\src\main\resources
2015-10-21 15:45:10,462 [Worker-242] INFO  o.e.m.c.i.embedder.EclipseLogger - Using 'UTF-8' encoding to copy filtered resources.
2015-10-21 15:45:10,462 [Worker-242] INFO  o.e.m.c.i.embedder.EclipseLogger - skip non existing resourceDirectory D:\MySpace\Java\QDFramework\qdframework\src\test\resources
2015-10-21 15:56:55,769 [Worker-249] INFO  o.e.m.c.i.embedder.EclipseLogger - Using 'UTF-8' encoding to copy filtered resources.
2015-10-21 15:56:55,769 [Worker-249] INFO  o.e.m.c.i.embedder.EclipseLogger - skip non existing resourceDirectory D:\MySpace\Java\QDFramework\qdframework\src\main\resources
2015-10-21 15:56:55,770 [Worker-249] INFO  o.e.m.c.i.embedder.EclipseLogger - Using 'UTF-8' encoding to copy filtered resources.
2015-10-21 15:56:55,770 [Worker-249] INFO  o.e.m.c.i.embedder.EclipseLogger - skip non existing resourceDirectory D:\MySpace\Java\QDFramework\qdframework\src\test\resources
2015-10-21 16:07:13,100 [Worker-254] INFO  o.e.m.c.i.embedder.EclipseLogger - Using 'UTF-8' encoding to copy filtered resources.
2015-10-21 16:07:13,100 [Worker-254] INFO  o.e.m.c.i.embedder.EclipseLogger - skip non existing resourceDirectory D:\MySpace\Java\QDFramework\qdframework\src\main\resources
2015-10-21 16:07:13,101 [Worker-254] INFO  o.e.m.c.i.embedder.EclipseLogger - Using 'UTF-8' encoding to copy filtered resources.
2015-10-21 16:07:13,101 [Worker-254] INFO  o.e.m.c.i.embedder.EclipseLogger - skip non existing resourceDirectory D:\MySpace\Java\QDFramework\qdframework\src\test\resources
2015-10-21 16:08:38,890 [Worker-252] INFO  o.e.m.c.i.embedder.EclipseLogger - Using 'UTF-8' encoding to copy filtered resources.
2015-10-21 16:08:38,890 [Worker-252] INFO  o.e.m.c.i.embedder.EclipseLogger - skip non existing resourceDirectory D:\MySpace\Java\QDFramework\qdframework\src\main\resources
2015-10-21 16:08:38,891 [Worker-252] INFO  o.e.m.c.i.embedder.EclipseLogger - Using 'UTF-8' encoding to copy filtered resources.
2015-10-21 16:08:38,891 [Worker-252] INFO  o.e.m.c.i.embedder.EclipseLogger - skip non existing resourceDirectory D:\MySpace\Java\QDFramework\qdframework\src\test\resources
2015-10-21 16:08:50,219 [Worker-256] INFO  o.e.m.c.i.embedder.EclipseLogger - Using 'UTF-8' encoding to copy filtered resources.
2015-10-21 16:08:50,220 [Worker-256] INFO  o.e.m.c.i.embedder.EclipseLogger - skip non existing resourceDirectory D:\MySpace\Java\QDFramework\qdframework\src\main\resources
2015-10-21 16:08:50,221 [Worker-256] INFO  o.e.m.c.i.embedder.EclipseLogger - Using 'UTF-8' encoding to copy filtered resources.
2015-10-21 16:08:50,221 [Worker-256] INFO  o.e.m.c.i.embedder.EclipseLogger - skip non existing resourceDirectory D:\MySpace\Java\QDFramework\qdframework\src\test\resources
2015-10-21 16:32:15,160 [Worker-265] INFO  o.e.m.c.i.embedder.EclipseLogger - Using 'UTF-8' encoding to copy filtered resources.
2015-10-21 16:32:15,160 [Worker-265] INFO  o.e.m.c.i.embedder.EclipseLogger - skip non existing resourceDirectory D:\MySpace\Java\QDFramework\qdframework\src\main\resources
2015-10-21 16:32:15,161 [Worker-265] INFO  o.e.m.c.i.embedder.EclipseLogger - Using 'UTF-8' encoding to copy filtered resources.
2015-10-21 16:32:15,161 [Worker-265] INFO  o.e.m.c.i.embedder.EclipseLogger - skip non existing resourceDirectory D:\MySpace\Java\QDFramework\qdframework\src\test\resources
2015-10-21 16:43:59,609 [Worker-273] INFO  o.e.m.c.i.embedder.EclipseLogger - Using 'UTF-8' encoding to copy filtered resources.
2015-10-21 16:43:59,609 [Worker-273] INFO  o.e.m.c.i.embedder.EclipseLogger - skip non existing resourceDirectory D:\MySpace\Java\QDFramework\qdframework\src\main\resources
2015-10-21 16:43:59,610 [Worker-273] INFO  o.e.m.c.i.embedder.EclipseLogger - Using 'UTF-8' encoding to copy filtered resources.
2015-10-21 16:43:59,610 [Worker-273] INFO  o.e.m.c.i.embedder.EclipseLogger - skip non existing resourceDirectory D:\MySpace\Java\QDFramework\qdframework\src\test\resources
2015-10-21 16:44:08,291 [Worker-269] INFO  o.e.m.c.i.embedder.EclipseLogger - Using 'UTF-8' encoding to copy filtered resources.
2015-10-21 16:44:08,291 [Worker-269] INFO  o.e.m.c.i.embedder.EclipseLogger - skip non existing resourceDirectory D:\MySpace\Java\QDFramework\qdframework\src\main\resources
2015-10-21 16:44:08,292 [Worker-269] INFO  o.e.m.c.i.embedder.EclipseLogger - Using 'UTF-8' encoding to copy filtered resources.
2015-10-21 16:44:08,292 [Worker-269] INFO  o.e.m.c.i.embedder.EclipseLogger - skip non existing resourceDirectory D:\MySpace\Java\QDFramework\qdframework\src\test\resources
2015-10-21 16:45:36,352 [Worker-275] INFO  o.e.m.c.i.embedder.EclipseLogger - Using 'UTF-8' encoding to copy filtered resources.
2015-10-21 16:45:36,352 [Worker-275] INFO  o.e.m.c.i.embedder.EclipseLogger - skip non existing resourceDirectory D:\MySpace\Java\QDFramework\qdframework\src\main\resources
2015-10-21 16:45:36,353 [Worker-275] INFO  o.e.m.c.i.embedder.EclipseLogger - Using 'UTF-8' encoding to copy filtered resources.
2015-10-21 16:45:36,354 [Worker-275] INFO  o.e.m.c.i.embedder.EclipseLogger - skip non existing resourceDirectory D:\MySpace\Java\QDFramework\qdframework\src\test\resources
2015-10-21 16:46:00,797 [Worker-271] INFO  o.e.m.c.i.embedder.EclipseLogger - Using 'UTF-8' encoding to copy filtered resources.
2015-10-21 16:46:00,797 [Worker-271] INFO  o.e.m.c.i.embedder.EclipseLogger - skip non existing resourceDirectory D:\MySpace\Java\QDFramework\qdframework\src\main\resources
2015-10-21 16:46:00,798 [Worker-271] INFO  o.e.m.c.i.embedder.EclipseLogger - Using 'UTF-8' encoding to copy filtered resources.
2015-10-21 16:46:00,798 [Worker-271] INFO  o.e.m.c.i.embedder.EclipseLogger - skip non existing resourceDirectory D:\MySpace\Java\QDFramework\qdframework\src\test\resources
2015-10-21 16:47:19,831 [Worker-270] INFO  o.e.m.c.i.embedder.EclipseLogger - Using 'UTF-8' encoding to copy filtered resources.
2015-10-21 16:47:19,831 [Worker-270] INFO  o.e.m.c.i.embedder.EclipseLogger - skip non existing resourceDirectory D:\MySpace\Java\QDFramework\qdframework\src\main\resources
2015-10-21 16:47:19,833 [Worker-270] INFO  o.e.m.c.i.embedder.EclipseLogger - Using 'UTF-8' encoding to copy filtered resources.
2015-10-21 16:47:19,833 [Worker-270] INFO  o.e.m.c.i.embedder.EclipseLogger - skip non existing resourceDirectory D:\MySpace\Java\QDFramework\qdframework\src\test\resources
2015-10-21 16:53:28,022 [Worker-279] INFO  o.e.m.c.i.embedder.EclipseLogger - Using 'UTF-8' encoding to copy filtered resources.
2015-10-21 16:53:28,022 [Worker-279] INFO  o.e.m.c.i.embedder.EclipseLogger - skip non existing resourceDirectory D:\MySpace\Java\QDFramework\qdframework\src\main\resources
2015-10-21 16:53:28,023 [Worker-279] INFO  o.e.m.c.i.embedder.EclipseLogger - Using 'UTF-8' encoding to copy filtered resources.
2015-10-21 16:53:28,023 [Worker-279] INFO  o.e.m.c.i.embedder.EclipseLogger - skip non existing resourceDirectory D:\MySpace\Java\QDFramework\qdframework\src\test\resources
2015-10-21 16:57:54,911 [Worker-276] INFO  o.e.m.c.i.embedder.EclipseLogger - Using 'UTF-8' encoding to copy filtered resources.
2015-10-21 16:57:54,911 [Worker-276] INFO  o.e.m.c.i.embedder.EclipseLogger - skip non existing resourceDirectory D:\MySpace\Java\QDFramework\qdframework\src\main\resources
2015-10-21 16:57:54,912 [Worker-276] INFO  o.e.m.c.i.embedder.EclipseLogger - Using 'UTF-8' encoding to copy filtered resources.
2015-10-21 16:57:54,912 [Worker-276] INFO  o.e.m.c.i.embedder.EclipseLogger - skip non existing resourceDirectory D:\MySpace\Java\QDFramework\qdframework\src\test\resources
2015-10-21 16:58:40,272 [Worker-281] INFO  o.e.m.c.i.embedder.EclipseLogger - Using 'UTF-8' encoding to copy filtered resources.
2015-10-21 16:58:40,272 [Worker-281] INFO  o.e.m.c.i.embedder.EclipseLogger - skip non existing resourceDirectory D:\MySpace\Java\QDFramework\qdframework\src\main\resources
2015-10-21 16:58:40,274 [Worker-281] INFO  o.e.m.c.i.embedder.EclipseLogger - Using 'UTF-8' encoding to copy filtered resources.
2015-10-21 16:58:40,274 [Worker-281] INFO  o.e.m.c.i.embedder.EclipseLogger - skip non existing resourceDirectory D:\MySpace\Java\QDFramework\qdframework\src\test\resources
2015-10-21 17:02:00,201 [Worker-285] INFO  o.e.m.c.i.embedder.EclipseLogger - Using 'UTF-8' encoding to copy filtered resources.
2015-10-21 17:02:00,201 [Worker-285] INFO  o.e.m.c.i.embedder.EclipseLogger - skip non existing resourceDirectory D:\MySpace\Java\QDFramework\qdframework\src\main\resources
2015-10-21 17:02:00,202 [Worker-285] INFO  o.e.m.c.i.embedder.EclipseLogger - Using 'UTF-8' encoding to copy filtered resources.
2015-10-21 17:02:00,202 [Worker-285] INFO  o.e.m.c.i.embedder.EclipseLogger - skip non existing resourceDirectory D:\MySpace\Java\QDFramework\qdframework\src\test\resources
2015-10-21 17:02:29,529 [Worker-278] INFO  o.e.m.c.i.embedder.EclipseLogger - Using 'UTF-8' encoding to copy filtered resources.
2015-10-21 17:02:29,530 [Worker-278] INFO  o.e.m.c.i.embedder.EclipseLogger - skip non existing resourceDirectory D:\MySpace\Java\QDFramework\qdframework\src\main\resources
2015-10-21 17:02:29,531 [Worker-278] INFO  o.e.m.c.i.embedder.EclipseLogger - Using 'UTF-8' encoding to copy filtered resources.
2015-10-21 17:02:29,531 [Worker-278] INFO  o.e.m.c.i.embedder.EclipseLogger - skip non existing resourceDirectory D:\MySpace\Java\QDFramework\qdframework\src\test\resources
2015-10-21 17:04:27,152 [Worker-284] INFO  o.e.m.c.i.embedder.EclipseLogger - Using 'UTF-8' encoding to copy filtered resources.
2015-10-21 17:04:27,152 [Worker-284] INFO  o.e.m.c.i.embedder.EclipseLogger - skip non existing resourceDirectory D:\MySpace\Java\QDFramework\qdframework\src\main\resources
2015-10-21 17:04:27,154 [Worker-284] INFO  o.e.m.c.i.embedder.EclipseLogger - Using 'UTF-8' encoding to copy filtered resources.
2015-10-21 17:04:27,154 [Worker-284] INFO  o.e.m.c.i.embedder.EclipseLogger - skip non existing resourceDirectory D:\MySpace\Java\QDFramework\qdframework\src\test\resources
2015-10-21 17:05:13,106 [Worker-283] INFO  o.e.m.c.i.embedder.EclipseLogger - Using 'UTF-8' encoding to copy filtered resources.
2015-10-21 17:05:13,106 [Worker-283] INFO  o.e.m.c.i.embedder.EclipseLogger - skip non existing resourceDirectory D:\MySpace\Java\QDFramework\qdframework\src\main\resources
2015-10-21 17:05:13,107 [Worker-283] INFO  o.e.m.c.i.embedder.EclipseLogger - Using 'UTF-8' encoding to copy filtered resources.
2015-10-21 17:05:13,107 [Worker-283] INFO  o.e.m.c.i.embedder.EclipseLogger - skip non existing resourceDirectory D:\MySpace\Java\QDFramework\qdframework\src\test\resources
2015-10-21 17:06:21,163 [Worker-283] INFO  o.e.m.c.i.embedder.EclipseLogger - Using 'UTF-8' encoding to copy filtered resources.
2015-10-21 17:06:21,163 [Worker-283] INFO  o.e.m.c.i.embedder.EclipseLogger - skip non existing resourceDirectory D:\MySpace\Java\QDFramework\qdframework\src\main\resources
2015-10-21 17:06:21,164 [Worker-283] INFO  o.e.m.c.i.embedder.EclipseLogger - Using 'UTF-8' encoding to copy filtered resources.
2015-10-21 17:06:21,164 [Worker-283] INFO  o.e.m.c.i.embedder.EclipseLogger - skip non existing resourceDirectory D:\MySpace\Java\QDFramework\qdframework\src\test\resources
2015-10-21 17:09:54,612 [Worker-290] INFO  o.e.m.c.i.embedder.EclipseLogger - Using 'UTF-8' encoding to copy filtered resources.
2015-10-21 17:09:54,613 [Worker-290] INFO  o.e.m.c.i.embedder.EclipseLogger - skip non existing resourceDirectory D:\MySpace\Java\QDFramework\qdframework\src\main\resources
2015-10-21 17:09:54,616 [Worker-290] INFO  o.e.m.c.i.embedder.EclipseLogger - Using 'UTF-8' encoding to copy filtered resources.
2015-10-21 17:09:54,616 [Worker-290] INFO  o.e.m.c.i.embedder.EclipseLogger - skip non existing resourceDirectory D:\MySpace\Java\QDFramework\qdframework\src\test\resources
2015-10-21 17:14:44,661 [Worker-293] INFO  o.e.m.c.i.embedder.EclipseLogger - Using 'UTF-8' encoding to copy filtered resources.
2015-10-21 17:14:44,661 [Worker-293] INFO  o.e.m.c.i.embedder.EclipseLogger - skip non existing resourceDirectory D:\MySpace\Java\QDFramework\qdframework\src\main\resources
2015-10-21 17:14:44,661 [Worker-293] INFO  o.e.m.c.i.embedder.EclipseLogger - Using 'UTF-8' encoding to copy filtered resources.
2015-10-21 17:14:44,662 [Worker-293] INFO  o.e.m.c.i.embedder.EclipseLogger - skip non existing resourceDirectory D:\MySpace\Java\QDFramework\qdframework\src\test\resources
2015-10-21 17:16:24,606 [Worker-290] INFO  o.e.m.c.i.embedder.EclipseLogger - Using 'UTF-8' encoding to copy filtered resources.
2015-10-21 17:16:24,606 [Worker-290] INFO  o.e.m.c.i.embedder.EclipseLogger - skip non existing resourceDirectory D:\MySpace\Java\QDFramework\qdframework\src\main\resources
2015-10-21 17:16:24,608 [Worker-290] INFO  o.e.m.c.i.embedder.EclipseLogger - Using 'UTF-8' encoding to copy filtered resources.
2015-10-21 17:16:24,608 [Worker-290] INFO  o.e.m.c.i.embedder.EclipseLogger - skip non existing resourceDirectory D:\MySpace\Java\QDFramework\qdframework\src\test\resources
2015-10-21 17:16:30,383 [Worker-294] INFO  o.e.m.c.i.embedder.EclipseLogger - Using 'UTF-8' encoding to copy filtered resources.
2015-10-21 17:16:30,383 [Worker-294] INFO  o.e.m.c.i.embedder.EclipseLogger - skip non existing resourceDirectory D:\MySpace\Java\QDFramework\qdframework\src\main\resources
2015-10-21 17:16:30,385 [Worker-294] INFO  o.e.m.c.i.embedder.EclipseLogger - Using 'UTF-8' encoding to copy filtered resources.
2015-10-21 17:16:30,385 [Worker-294] INFO  o.e.m.c.i.embedder.EclipseLogger - skip non existing resourceDirectory D:\MySpace\Java\QDFramework\qdframework\src\test\resources
2015-10-21 17:19:00,486 [Worker-294] INFO  o.e.m.c.i.embedder.EclipseLogger - Using 'UTF-8' encoding to copy filtered resources.
2015-10-21 17:19:00,487 [Worker-294] INFO  o.e.m.c.i.embedder.EclipseLogger - skip non existing resourceDirectory D:\MySpace\Java\QDFramework\qdframework\src\main\resources
2015-10-21 17:19:00,487 [Worker-294] INFO  o.e.m.c.i.embedder.EclipseLogger - Using 'UTF-8' encoding to copy filtered resources.
2015-10-21 17:19:00,487 [Worker-294] INFO  o.e.m.c.i.embedder.EclipseLogger - skip non existing resourceDirectory D:\MySpace\Java\QDFramework\qdframework\src\test\resources
2015-10-21 17:19:51,594 [Worker-294] INFO  o.e.m.c.i.embedder.EclipseLogger - Using 'UTF-8' encoding to copy filtered resources.
2015-10-21 17:19:51,595 [Worker-294] INFO  o.e.m.c.i.embedder.EclipseLogger - skip non existing resourceDirectory D:\MySpace\Java\QDFramework\qdframework\src\main\resources
2015-10-21 17:19:51,595 [Worker-294] INFO  o.e.m.c.i.embedder.EclipseLogger - Using 'UTF-8' encoding to copy filtered resources.
2015-10-21 17:19:51,595 [Worker-294] INFO  o.e.m.c.i.embedder.EclipseLogger - skip non existing resourceDirectory D:\MySpace\Java\QDFramework\qdframework\src\test\resources
2015-10-21 17:20:08,035 [Worker-298] INFO  o.e.m.c.i.embedder.EclipseLogger - Using 'UTF-8' encoding to copy filtered resources.
2015-10-21 17:20:08,035 [Worker-298] INFO  o.e.m.c.i.embedder.EclipseLogger - skip non existing resourceDirectory D:\MySpace\Java\QDFramework\qdframework\src\main\resources
2015-10-21 17:20:08,037 [Worker-298] INFO  o.e.m.c.i.embedder.EclipseLogger - Using 'UTF-8' encoding to copy filtered resources.
2015-10-21 17:20:08,037 [Worker-298] INFO  o.e.m.c.i.embedder.EclipseLogger - skip non existing resourceDirectory D:\MySpace\Java\QDFramework\qdframework\src\test\resources
2015-10-21 17:22:46,746 [Worker-296] INFO  o.e.m.c.i.embedder.EclipseLogger - Using 'UTF-8' encoding to copy filtered resources.
2015-10-21 17:22:46,746 [Worker-296] INFO  o.e.m.c.i.embedder.EclipseLogger - skip non existing resourceDirectory D:\MySpace\Java\QDFramework\qdframework\src\main\resources
2015-10-21 17:22:46,748 [Worker-296] INFO  o.e.m.c.i.embedder.EclipseLogger - Using 'UTF-8' encoding to copy filtered resources.
2015-10-21 17:22:46,748 [Worker-296] INFO  o.e.m.c.i.embedder.EclipseLogger - skip non existing resourceDirectory D:\MySpace\Java\QDFramework\qdframework\src\test\resources
2015-10-21 17:22:51,362 [Worker-290] INFO  o.e.m.c.i.embedder.EclipseLogger - Using 'UTF-8' encoding to copy filtered resources.
2015-10-21 17:22:51,362 [Worker-290] INFO  o.e.m.c.i.embedder.EclipseLogger - skip non existing resourceDirectory D:\MySpace\Java\QDFramework\qdframework\src\main\resources
2015-10-21 17:22:51,364 [Worker-290] INFO  o.e.m.c.i.embedder.EclipseLogger - Using 'UTF-8' encoding to copy filtered resources.
2015-10-21 17:22:51,364 [Worker-290] INFO  o.e.m.c.i.embedder.EclipseLogger - skip non existing resourceDirectory D:\MySpace\Java\QDFramework\qdframework\src\test\resources
2015-10-21 17:22:52,482 [Worker-295] INFO  o.e.m.c.i.embedder.EclipseLogger - Using 'UTF-8' encoding to copy filtered resources.
2015-10-21 17:22:52,483 [Worker-295] INFO  o.e.m.c.i.embedder.EclipseLogger - skip non existing resourceDirectory D:\MySpace\Java\QDFramework\qdframework\src\main\resources
2015-10-21 17:22:52,483 [Worker-295] INFO  o.e.m.c.i.embedder.EclipseLogger - Using 'UTF-8' encoding to copy filtered resources.
2015-10-21 17:22:52,483 [Worker-295] INFO  o.e.m.c.i.embedder.EclipseLogger - skip non existing resourceDirectory D:\MySpace\Java\QDFramework\qdframework\src\test\resources
2015-10-21 17:22:55,488 [Worker-296] INFO  o.e.m.c.i.embedder.EclipseLogger - Using 'UTF-8' encoding to copy filtered resources.
2015-10-21 17:22:55,488 [Worker-296] INFO  o.e.m.c.i.embedder.EclipseLogger - skip non existing resourceDirectory D:\MySpace\Java\QDFramework\qdframework\src\main\resources
2015-10-21 17:22:55,489 [Worker-296] INFO  o.e.m.c.i.embedder.EclipseLogger - Using 'UTF-8' encoding to copy filtered resources.
2015-10-21 17:22:55,489 [Worker-296] INFO  o.e.m.c.i.embedder.EclipseLogger - skip non existing resourceDirectory D:\MySpace\Java\QDFramework\qdframework\src\test\resources
2015-10-21 17:25:14,482 [Worker-295] INFO  o.e.m.c.i.embedder.EclipseLogger - Using 'UTF-8' encoding to copy filtered resources.
2015-10-21 17:25:14,482 [Worker-295] INFO  o.e.m.c.i.embedder.EclipseLogger - skip non existing resourceDirectory D:\MySpace\Java\QDFramework\qdframework\src\main\resources
2015-10-21 17:25:14,482 [Worker-295] INFO  o.e.m.c.i.embedder.EclipseLogger - Using 'UTF-8' encoding to copy filtered resources.
2015-10-21 17:25:14,483 [Worker-295] INFO  o.e.m.c.i.embedder.EclipseLogger - skip non existing resourceDirectory D:\MySpace\Java\QDFramework\qdframework\src\test\resources
2015-10-21 17:26:07,764 [Worker-300] INFO  o.e.m.c.i.embedder.EclipseLogger - Using 'UTF-8' encoding to copy filtered resources.
2015-10-21 17:26:07,764 [Worker-300] INFO  o.e.m.c.i.embedder.EclipseLogger - skip non existing resourceDirectory D:\MySpace\Java\QDFramework\qdframework\src\main\resources
2015-10-21 17:26:07,766 [Worker-300] INFO  o.e.m.c.i.embedder.EclipseLogger - Using 'UTF-8' encoding to copy filtered resources.
2015-10-21 17:26:07,766 [Worker-300] INFO  o.e.m.c.i.embedder.EclipseLogger - skip non existing resourceDirectory D:\MySpace\Java\QDFramework\qdframework\src\test\resources
2015-10-21 17:26:13,935 [Worker-295] INFO  o.e.m.c.i.embedder.EclipseLogger - Using 'UTF-8' encoding to copy filtered resources.
2015-10-21 17:26:13,935 [Worker-295] INFO  o.e.m.c.i.embedder.EclipseLogger - skip non existing resourceDirectory D:\MySpace\Java\QDFramework\qdframework\src\main\resources
2015-10-21 17:26:13,936 [Worker-295] INFO  o.e.m.c.i.embedder.EclipseLogger - Using 'UTF-8' encoding to copy filtered resources.
2015-10-21 17:26:13,937 [Worker-295] INFO  o.e.m.c.i.embedder.EclipseLogger - skip non existing resourceDirectory D:\MySpace\Java\QDFramework\qdframework\src\test\resources
2015-10-21 17:26:20,900 [Worker-295] INFO  o.e.m.c.i.embedder.EclipseLogger - Using 'UTF-8' encoding to copy filtered resources.
2015-10-21 17:26:20,900 [Worker-295] INFO  o.e.m.c.i.embedder.EclipseLogger - skip non existing resourceDirectory D:\MySpace\Java\QDFramework\qdframework\src\main\resources
2015-10-21 17:26:20,902 [Worker-295] INFO  o.e.m.c.i.embedder.EclipseLogger - Using 'UTF-8' encoding to copy filtered resources.
2015-10-21 17:26:20,902 [Worker-295] INFO  o.e.m.c.i.embedder.EclipseLogger - skip non existing resourceDirectory D:\MySpace\Java\QDFramework\qdframework\src\test\resources
2015-10-21 17:27:00,975 [Worker-298] INFO  o.e.m.c.i.embedder.EclipseLogger - Using 'UTF-8' encoding to copy filtered resources.
2015-10-21 17:27:00,975 [Worker-298] INFO  o.e.m.c.i.embedder.EclipseLogger - skip non existing resourceDirectory D:\MySpace\Java\QDFramework\qdframework\src\main\resources
2015-10-21 17:27:00,976 [Worker-298] INFO  o.e.m.c.i.embedder.EclipseLogger - Using 'UTF-8' encoding to copy filtered resources.
2015-10-21 17:27:00,976 [Worker-298] INFO  o.e.m.c.i.embedder.EclipseLogger - skip non existing resourceDirectory D:\MySpace\Java\QDFramework\qdframework\src\test\resources
2015-10-21 17:27:11,969 [Worker-294] INFO  o.e.m.c.i.embedder.EclipseLogger - Using 'UTF-8' encoding to copy filtered resources.
2015-10-21 17:27:11,970 [Worker-294] INFO  o.e.m.c.i.embedder.EclipseLogger - skip non existing resourceDirectory D:\MySpace\Java\QDFramework\qdframework\src\main\resources
2015-10-21 17:27:11,971 [Worker-294] INFO  o.e.m.c.i.embedder.EclipseLogger - Using 'UTF-8' encoding to copy filtered resources.
2015-10-21 17:27:11,971 [Worker-294] INFO  o.e.m.c.i.embedder.EclipseLogger - skip non existing resourceDirectory D:\MySpace\Java\QDFramework\qdframework\src\test\resources
2015-10-21 17:27:43,866 [Worker-295] INFO  o.e.m.c.i.embedder.EclipseLogger - Using 'UTF-8' encoding to copy filtered resources.
2015-10-21 17:27:43,867 [Worker-295] INFO  o.e.m.c.i.embedder.EclipseLogger - skip non existing resourceDirectory D:\MySpace\Java\QDFramework\qdframework\src\main\resources
2015-10-21 17:27:43,867 [Worker-295] INFO  o.e.m.c.i.embedder.EclipseLogger - Using 'UTF-8' encoding to copy filtered resources.
2015-10-21 17:27:43,867 [Worker-295] INFO  o.e.m.c.i.embedder.EclipseLogger - skip non existing resourceDirectory D:\MySpace\Java\QDFramework\qdframework\src\test\resources
2015-10-21 17:28:50,237 [Worker-295] INFO  o.e.m.c.i.embedder.EclipseLogger - Using 'UTF-8' encoding to copy filtered resources.
2015-10-21 17:28:50,237 [Worker-295] INFO  o.e.m.c.i.embedder.EclipseLogger - skip non existing resourceDirectory D:\MySpace\Java\QDFramework\qdframework\src\main\resources
2015-10-21 17:28:50,238 [Worker-295] INFO  o.e.m.c.i.embedder.EclipseLogger - Using 'UTF-8' encoding to copy filtered resources.
2015-10-21 17:28:50,238 [Worker-295] INFO  o.e.m.c.i.embedder.EclipseLogger - skip non existing resourceDirectory D:\MySpace\Java\QDFramework\qdframework\src\test\resources
2015-10-21 17:29:27,526 [Worker-294] INFO  o.e.m.c.i.embedder.EclipseLogger - Using 'UTF-8' encoding to copy filtered resources.
2015-10-21 17:29:27,526 [Worker-294] INFO  o.e.m.c.i.embedder.EclipseLogger - skip non existing resourceDirectory D:\MySpace\Java\QDFramework\qdframework\src\main\resources
2015-10-21 17:29:27,528 [Worker-294] INFO  o.e.m.c.i.embedder.EclipseLogger - Using 'UTF-8' encoding to copy filtered resources.
2015-10-21 17:29:27,529 [Worker-294] INFO  o.e.m.c.i.embedder.EclipseLogger - skip non existing resourceDirectory D:\MySpace\Java\QDFramework\qdframework\src\test\resources
2015-10-21 17:29:40,558 [Worker-300] INFO  o.e.m.c.i.embedder.EclipseLogger - Using 'UTF-8' encoding to copy filtered resources.
2015-10-21 17:29:40,558 [Worker-300] INFO  o.e.m.c.i.embedder.EclipseLogger - skip non existing resourceDirectory D:\MySpace\Java\QDFramework\qdframework\src\main\resources
2015-10-21 17:29:40,559 [Worker-300] INFO  o.e.m.c.i.embedder.EclipseLogger - Using 'UTF-8' encoding to copy filtered resources.
2015-10-21 17:29:40,559 [Worker-300] INFO  o.e.m.c.i.embedder.EclipseLogger - skip non existing resourceDirectory D:\MySpace\Java\QDFramework\qdframework\src\test\resources
2015-10-21 17:29:47,273 [Worker-295] INFO  o.e.m.c.i.embedder.EclipseLogger - Using 'UTF-8' encoding to copy filtered resources.
2015-10-21 17:29:47,273 [Worker-295] INFO  o.e.m.c.i.embedder.EclipseLogger - skip non existing resourceDirectory D:\MySpace\Java\QDFramework\qdframework\src\main\resources
2015-10-21 17:29:47,275 [Worker-295] INFO  o.e.m.c.i.embedder.EclipseLogger - Using 'UTF-8' encoding to copy filtered resources.
2015-10-21 17:29:47,275 [Worker-295] INFO  o.e.m.c.i.embedder.EclipseLogger - skip non existing resourceDirectory D:\MySpace\Java\QDFramework\qdframework\src\test\resources
2015-10-21 17:29:56,514 [Worker-293] INFO  o.e.m.c.i.embedder.EclipseLogger - Using 'UTF-8' encoding to copy filtered resources.
2015-10-21 17:29:56,514 [Worker-293] INFO  o.e.m.c.i.embedder.EclipseLogger - skip non existing resourceDirectory D:\MySpace\Java\QDFramework\qdframework\src\main\resources
2015-10-21 17:29:56,515 [Worker-293] INFO  o.e.m.c.i.embedder.EclipseLogger - Using 'UTF-8' encoding to copy filtered resources.
2015-10-21 17:29:56,515 [Worker-293] INFO  o.e.m.c.i.embedder.EclipseLogger - skip non existing resourceDirectory D:\MySpace\Java\QDFramework\qdframework\src\test\resources
2015-10-21 17:46:19,615 [Worker-305] INFO  o.e.m.c.i.embedder.EclipseLogger - Using 'UTF-8' encoding to copy filtered resources.
2015-10-21 17:46:19,616 [Worker-305] INFO  o.e.m.c.i.embedder.EclipseLogger - skip non existing resourceDirectory D:\MySpace\Java\QDFramework\qdframework\src\main\resources
2015-10-21 17:46:19,617 [Worker-305] INFO  o.e.m.c.i.embedder.EclipseLogger - Using 'UTF-8' encoding to copy filtered resources.
2015-10-21 17:46:19,617 [Worker-305] INFO  o.e.m.c.i.embedder.EclipseLogger - skip non existing resourceDirectory D:\MySpace\Java\QDFramework\qdframework\src\test\resources
2015-10-21 17:47:35,089 [Worker-304] INFO  o.e.m.c.i.embedder.EclipseLogger - Using 'UTF-8' encoding to copy filtered resources.
2015-10-21 17:47:35,090 [Worker-304] INFO  o.e.m.c.i.embedder.EclipseLogger - skip non existing resourceDirectory D:\MySpace\Java\QDFramework\qdframework\src\main\resources
2015-10-21 17:47:35,091 [Worker-304] INFO  o.e.m.c.i.embedder.EclipseLogger - Using 'UTF-8' encoding to copy filtered resources.
2015-10-21 17:47:35,091 [Worker-304] INFO  o.e.m.c.i.embedder.EclipseLogger - skip non existing resourceDirectory D:\MySpace\Java\QDFramework\qdframework\src\test\resources
2015-10-22 21:04:24,773 [Worker-572] INFO  o.e.m.c.i.embedder.EclipseLogger - Using 'UTF-8' encoding to copy filtered resources.
2015-10-22 21:04:24,773 [Worker-572] INFO  o.e.m.c.i.embedder.EclipseLogger - skip non existing resourceDirectory D:\MySpace\Java\QDFramework\qdframework\src\main\resources
2015-10-22 21:04:24,774 [Worker-572] INFO  o.e.m.c.i.embedder.EclipseLogger - Using 'UTF-8' encoding to copy filtered resources.
2015-10-22 21:04:24,774 [Worker-572] INFO  o.e.m.c.i.embedder.EclipseLogger - skip non existing resourceDirectory D:\MySpace\Java\QDFramework\qdframework\src\test\resources
2015-10-27 11:14:56,171 [Worker-1656] INFO  o.e.m.c.i.embedder.EclipseLogger - Using 'UTF-8' encoding to copy filtered resources.
2015-10-27 11:14:56,171 [Worker-1656] INFO  o.e.m.c.i.embedder.EclipseLogger - skip non existing resourceDirectory D:\MySpace\Java\QDFramework\qdframework\src\main\resources
2015-10-27 11:14:56,172 [Worker-1656] INFO  o.e.m.c.i.embedder.EclipseLogger - Using 'UTF-8' encoding to copy filtered resources.
2015-10-27 11:14:56,172 [Worker-1656] INFO  o.e.m.c.i.embedder.EclipseLogger - skip non existing resourceDirectory D:\MySpace\Java\QDFramework\qdframework\src\test\resources
2015-10-27 11:20:12,710 [Worker-1662] INFO  o.e.m.c.i.embedder.EclipseLogger - Using 'UTF-8' encoding to copy filtered resources.
2015-10-27 11:20:12,710 [Worker-1662] INFO  o.e.m.c.i.embedder.EclipseLogger - skip non existing resourceDirectory D:\MySpace\Java\QDFramework\qdframework\src\main\resources
2015-10-27 11:20:12,711 [Worker-1662] INFO  o.e.m.c.i.embedder.EclipseLogger - Using 'UTF-8' encoding to copy filtered resources.
2015-10-27 11:20:12,711 [Worker-1662] INFO  o.e.m.c.i.embedder.EclipseLogger - skip non existing resourceDirectory D:\MySpace\Java\QDFramework\qdframework\src\test\resources
2015-10-27 13:04:26,672 [Worker-1691] INFO  o.e.m.c.i.embedder.EclipseLogger - Using 'UTF-8' encoding to copy filtered resources.
2015-10-27 13:04:26,672 [Worker-1691] INFO  o.e.m.c.i.embedder.EclipseLogger - skip non existing resourceDirectory D:\MySpace\Java\QDFramework\qdframework\src\main\resources
2015-10-27 13:04:26,673 [Worker-1691] INFO  o.e.m.c.i.embedder.EclipseLogger - Using 'UTF-8' encoding to copy filtered resources.
2015-10-27 13:04:26,673 [Worker-1691] INFO  o.e.m.c.i.embedder.EclipseLogger - skip non existing resourceDirectory D:\MySpace\Java\QDFramework\qdframework\src\test\resources
2015-10-27 13:09:07,270 [Worker-1687] INFO  o.e.m.c.i.embedder.EclipseLogger - Using 'UTF-8' encoding to copy filtered resources.
2015-10-27 13:09:07,270 [Worker-1687] INFO  o.e.m.c.i.embedder.EclipseLogger - skip non existing resourceDirectory D:\MySpace\Java\QDFramework\qdframework\src\main\resources
2015-10-27 13:09:07,271 [Worker-1687] INFO  o.e.m.c.i.embedder.EclipseLogger - Using 'UTF-8' encoding to copy filtered resources.
2015-10-27 13:09:07,271 [Worker-1687] INFO  o.e.m.c.i.embedder.EclipseLogger - skip non existing resourceDirectory D:\MySpace\Java\QDFramework\qdframework\src\test\resources
2015-10-27 13:12:49,823 [Worker-1695] INFO  o.e.m.c.i.embedder.EclipseLogger - Using 'UTF-8' encoding to copy filtered resources.
2015-10-27 13:12:49,823 [Worker-1695] INFO  o.e.m.c.i.embedder.EclipseLogger - skip non existing resourceDirectory D:\MySpace\Java\QDFramework\qdframework\src\main\resources
2015-10-27 13:12:49,825 [Worker-1695] INFO  o.e.m.c.i.embedder.EclipseLogger - Using 'UTF-8' encoding to copy filtered resources.
2015-10-27 13:12:49,825 [Worker-1695] INFO  o.e.m.c.i.embedder.EclipseLogger - skip non existing resourceDirectory D:\MySpace\Java\QDFramework\qdframework\src\test\resources
2015-10-27 13:19:56,797 [Worker-1696] INFO  o.e.m.c.i.embedder.EclipseLogger - Using 'UTF-8' encoding to copy filtered resources.
2015-10-27 13:19:56,797 [Worker-1696] INFO  o.e.m.c.i.embedder.EclipseLogger - skip non existing resourceDirectory D:\MySpace\Java\QDFramework\qdframework\src\main\resources
2015-10-27 13:19:56,798 [Worker-1696] INFO  o.e.m.c.i.embedder.EclipseLogger - Using 'UTF-8' encoding to copy filtered resources.
2015-10-27 13:19:56,798 [Worker-1696] INFO  o.e.m.c.i.embedder.EclipseLogger - skip non existing resourceDirectory D:\MySpace\Java\QDFramework\qdframework\src\test\resources
2015-10-27 14:08:00,846 [Worker-1717] INFO  o.e.m.c.i.embedder.EclipseLogger - Using 'UTF-8' encoding to copy filtered resources.
2015-10-27 14:08:00,846 [Worker-1717] INFO  o.e.m.c.i.embedder.EclipseLogger - skip non existing resourceDirectory D:\MySpace\Java\QDFramework\qdframework\src\main\resources
2015-10-27 14:08:00,847 [Worker-1717] INFO  o.e.m.c.i.embedder.EclipseLogger - Using 'UTF-8' encoding to copy filtered resources.
2015-10-27 14:08:00,847 [Worker-1717] INFO  o.e.m.c.i.embedder.EclipseLogger - skip non existing resourceDirectory D:\MySpace\Java\QDFramework\qdframework\src\test\resources
2015-10-27 14:08:29,934 [Worker-1707] INFO  o.e.m.c.i.embedder.EclipseLogger - Using 'UTF-8' encoding to copy filtered resources.
2015-10-27 14:08:29,935 [Worker-1707] INFO  o.e.m.c.i.embedder.EclipseLogger - skip non existing resourceDirectory D:\MySpace\Java\QDFramework\qdframework\src\main\resources
2015-10-27 14:08:29,936 [Worker-1707] INFO  o.e.m.c.i.embedder.EclipseLogger - Using 'UTF-8' encoding to copy filtered resources.
2015-10-27 14:08:29,937 [Worker-1707] INFO  o.e.m.c.i.embedder.EclipseLogger - skip non existing resourceDirectory D:\MySpace\Java\QDFramework\qdframework\src\test\resources
2015-10-27 14:21:55,475 [Worker-1728] INFO  o.e.m.c.i.embedder.EclipseLogger - Using 'UTF-8' encoding to copy filtered resources.
2015-10-27 14:21:55,475 [Worker-1728] INFO  o.e.m.c.i.embedder.EclipseLogger - skip non existing resourceDirectory D:\MySpace\Java\QDFramework\qdframework\src\main\resources
2015-10-27 14:21:55,476 [Worker-1728] INFO  o.e.m.c.i.embedder.EclipseLogger - Using 'UTF-8' encoding to copy filtered resources.
2015-10-27 14:21:55,476 [Worker-1728] INFO  o.e.m.c.i.embedder.EclipseLogger - skip non existing resourceDirectory D:\MySpace\Java\QDFramework\qdframework\src\test\resources
2015-10-27 21:31:31,289 [Worker-1793] INFO  o.e.m.c.i.embedder.EclipseLogger - Using 'UTF-8' encoding to copy filtered resources.
2015-10-27 21:31:31,289 [Worker-1793] INFO  o.e.m.c.i.embedder.EclipseLogger - skip non existing resourceDirectory D:\MySpace\Java\QDFramework\qdframework\src\main\resources
2015-10-27 21:31:31,291 [Worker-1793] INFO  o.e.m.c.i.embedder.EclipseLogger - Using 'UTF-8' encoding to copy filtered resources.
2015-10-27 21:31:31,291 [Worker-1793] INFO  o.e.m.c.i.embedder.EclipseLogger - skip non existing resourceDirectory D:\MySpace\Java\QDFramework\qdframework\src\test\resources
